Command line:
   Prueba_rebose_isim_beh.exe
     -simmode  gui
     -simrunnum  0
     -socket  52384

Wed Dec 30 22:26:10 2015


 Elaboration Time: 0.0625 sec

 Current Memory Usage: 990.499 Meg

 Total Signals          : 14
 Total Nets             : 96
 Total Signal Drivers   : 7
 Total Blocks           : 6
 Total Primitive Blocks : 5
 Total Processes        : 3
 Total Traceable Variables  : 16
 Total Scalar Nets and Variables : 598
Total Line Count : 54

 Total Simulation Time: 0.109375 sec

 Current Memory Usage: 833.204 Meg

Wed Dec 30 22:27:07 2015

