Command line:
   Prueba_selecc_exponen_isim_beh.exe
     -simmode  gui
     -simrunnum  0
     -socket  49819

Sat Jan 02 20:13:08 2016


 Elaboration Time: 0.078125 sec

 Current Memory Usage: 990.872 Meg

 Total Signals          : 8
 Total Nets             : 26
 Total Signal Drivers   : 4
 Total Blocks           : 3
 Total Primitive Blocks : 2
 Total Processes        : 3
 Total Traceable Variables  : 9
 Total Scalar Nets and Variables : 387
Total Line Count : 22

 Total Simulation Time: 0.140625 sec

 Current Memory Usage: 1305.46 Meg

Sat Jan 02 20:13:32 2016

