Command line:
   Prueb_deco_isim_beh.exe
     -simmode  gui
     -simrunnum  0
     -socket  65041

Tue Jan 19 20:24:16 2016


 Elaboration Time: 0.046875 sec

 Current Memory Usage: 994.628 Meg

 Total Signals          : 25
 Total Nets             : 80
 Total Signal Drivers   : 13
 Total Blocks           : 4
 Total Primitive Blocks : 3
 Total Processes        : 3
 Total Traceable Variables  : 14
 Total Scalar Nets and Variables : 564
Total Line Count : 57

 Total Simulation Time: 0.59375 sec

 Current Memory Usage: 1309.22 Meg

Tue Jan 19 20:24:49 2016

