Command line:
   Prueba_selec_comp_mantisa_isim_beh.exe
     -simmode  gui
     -simrunnum  0
     -socket  59289

Sat Dec 26 17:08:35 2015


 Elaboration Time: 0.0625 sec

 Current Memory Usage: 996.848 Meg

 Total Signals          : 17
 Total Nets             : 117
 Total Signal Drivers   : 9
 Total Blocks           : 6
 Total Primitive Blocks : 5
 Total Processes        : 3
 Total Traceable Variables  : 16
 Total Scalar Nets and Variables : 619
Total Line Count : 97

 Total Simulation Time: 0.171875 sec

 Current Memory Usage: 839.553 Meg

Sat Dec 26 17:09:47 2015

