Command line:
   Prob_sumador_isim_beh.exe
     -simmode  gui
     -simrunnum  0
     -socket  59098

Sat Dec 26 16:21:48 2015


 Elaboration Time: 0.078125 sec

 Current Memory Usage: 996.86 Meg

 Total Signals          : 15
 Total Nets             : 147
 Total Signal Drivers   : 10
 Total Blocks           : 6
 Total Primitive Blocks : 5
 Total Processes        : 3
 Total Traceable Variables  : 16
 Total Scalar Nets and Variables : 649
Total Line Count : 34

 Total Simulation Time: 0.109375 sec

 Current Memory Usage: 1311.45 Meg

Sat Dec 26 16:22:01 2015

