Release 14.4 - xst P.49d (nt64)
Copyright (c) 1995-2012 Xilinx, Inc.  All rights reserved.
--> Parameter TMPDIR set to xst/projnav.tmp


Total REAL time to Xst completion: 1.00 secs
Total CPU time to Xst completion: 0.13 secs
 
--> Parameter xsthdpdir set to xst


Total REAL time to Xst completion: 1.00 secs
Total CPU time to Xst completion: 0.13 secs
 
--> Reading design: Seleccion_Operacion.prj

TABLE OF CONTENTS
  1) Synthesis Options Summary
  2) HDL Compilation
  3) Design Hierarchy Analysis
  4) HDL Analysis
  5) HDL Synthesis
     5.1) HDL Synthesis Report
  6) Advanced HDL Synthesis
     6.1) Advanced HDL Synthesis Report
  7) Low Level Synthesis
  8) Partition Report
  9) Final Report
	9.1) Device utilization summary
	9.2) Partition Resource Summary
	9.3) TIMING REPORT


=========================================================================
*                      Synthesis Options Summary                        *
=========================================================================
---- Source Parameters
Input File Name                    : "Seleccion_Operacion.prj"
Input Format                       : mixed
Ignore Synthesis Constraint File   : NO

---- Target Parameters
Output File Name                   : "Seleccion_Operacion"
Output Format                      : NGC
Target Device                      : xc3s500e-4-fg320

---- Source Options
Top Module Name                    : Seleccion_Operacion
Automatic FSM Extraction           : YES
FSM Encoding Algorithm             : Auto
Safe Implementation                : No
FSM Style                          : LUT
RAM Extraction                     : Yes
RAM Style                          : Auto
ROM Extraction                     : Yes
Mux Style                          : Auto
Decoder Extraction                 : YES
Priority Encoder Extraction        : Yes
Shift Register Extraction          : YES
Logical Shifter Extraction         : YES
XOR Collapsing                     : YES
ROM Style                          : Auto
Mux Extraction                     : Yes
Resource Sharing                   : YES
Asynchronous To Synchronous        : NO
Multiplier Style                   : Auto
Automatic Register Balancing       : No

---- Target Options
Add IO Buffers                     : YES
Global Maximum Fanout              : 100000
Add Generic Clock Buffer(BUFG)     : 24
Register Duplication               : YES
Slice Packing                      : YES
Optimize Instantiated Primitives   : NO
Use Clock Enable                   : Yes
Use Synchronous Set                : Yes
Use Synchronous Reset              : Yes
Pack IO Registers into IOBs        : Auto
Equivalent register Removal        : YES

---- General Options
Optimization Goal                  : Speed
Optimization Effort                : 1
Keep Hierarchy                     : No
Netlist Hierarchy                  : As_Optimized
RTL Output                         : Yes
Global Optimization                : AllClockNets
Read Cores                         : YES
Write Timing Constraints           : NO
Cross Clock Analysis               : NO
Hierarchy Separator                : /
Bus Delimiter                      : <>
Case Specifier                     : Maintain
Slice Utilization Ratio            : 100
BRAM Utilization Ratio             : 100
Verilog 2001                       : YES
Auto BRAM Packing                  : NO
Slice Utilization Ratio Delta      : 5

=========================================================================


=========================================================================
*                          HDL Compilation                              *
=========================================================================
Compiling vhdl file "C:/Users/ANDRES/Documents/UBA/Ibimestre/circuitoslogicosprogramables/ProyFinal/programa/Proyecto_ALU_v1/seleccion_operacion.vhd" in Library work.
Architecture behavioral of Entity seleccion_operacion is up to date.

=========================================================================
*                     Design Hierarchy Analysis                         *
=========================================================================
Analyzing hierarchy for entity <Seleccion_Operacion> in library <work> (architecture <behavioral>).


=========================================================================
*                            HDL Analysis                               *
=========================================================================
Analyzing Entity <Seleccion_Operacion> in library <work> (Architecture <behavioral>).
Entity <Seleccion_Operacion> analyzed. Unit <Seleccion_Operacion> generated.


=========================================================================
*                           HDL Synthesis                               *
=========================================================================

Performing bidirectional port resolution...

Synthesizing Unit <Seleccion_Operacion>.
    Related source file is "C:/Users/ANDRES/Documents/UBA/Ibimestre/circuitoslogicosprogramables/ProyFinal/programa/Proyecto_ALU_v1/seleccion_operacion.vhd".
    Found 8-bit comparator greater for signal <signo$cmp_gt0000> created at line 49.
    Found 8-bit comparator greater for signal <signo$cmp_gt0001> created at line 92.
    Found 1-bit xor2 for signal <signo$xor0000> created at line 61.
    Summary:
	inferred   2 Comparator(s).
Unit <Seleccion_Operacion> synthesized.


=========================================================================
HDL Synthesis Report

Macro Statistics
# Comparators                                          : 2
 8-bit comparator greater                              : 2
# Xors                                                 : 1
 1-bit xor2                                            : 1

=========================================================================

=========================================================================
*                       Advanced HDL Synthesis                          *
=========================================================================


=========================================================================
Advanced HDL Synthesis Report

Macro Statistics
# Comparators                                          : 2
 8-bit comparator greater                              : 2
# Xors                                                 : 1
 1-bit xor2                                            : 1

=========================================================================

=========================================================================
*                         Low Level Synthesis                           *
=========================================================================

Optimizing unit <Seleccion_Operacion> ...

Mapping all equations...
Building and optimizing final netlist ...
Found area constraint ratio of 100 (+ 5) on block Seleccion_Operacion, actual ratio is 0.

Final Macro Processing ...

=========================================================================
Final Register Report

Found no macro
=========================================================================

=========================================================================
*                           Partition Report                            *
=========================================================================

Partition Implementation Status
-------------------------------

  No Partitions were found in this design.

-------------------------------

=========================================================================
*                            Final Report                               *
=========================================================================
Final Results
RTL Top Level Output File Name     : Seleccion_Operacion.ngr
Top Level Output File Name         : Seleccion_Operacion
Output Format                      : NGC
Optimization Goal                  : Speed
Keep Hierarchy                     : No

Design Statistics
# IOs                              : 23

Cell Usage :
# BELS                             : 42
#      GND                         : 1
#      LUT2                        : 17
#      LUT3                        : 1
#      LUT4                        : 4
#      MUXCY                       : 16
#      MUXF5                       : 2
#      VCC                         : 1
# IO Buffers                       : 23
#      IBUF                        : 20
#      OBUF                        : 3
=========================================================================

Device utilization summary:
---------------------------

Selected Device : 3s500efg320-4 

 Number of Slices:                       12  out of   4656     0%  
 Number of 4 input LUTs:                 22  out of   9312     0%  
 Number of IOs:                          23
 Number of bonded IOBs:                  23  out of    232     9%  

---------------------------
Partition Resource Summary:
---------------------------

  No Partitions were found in this design.

---------------------------


=========================================================================
TIMING REPORT

NOTE: THESE TIMING NUMBERS ARE ONLY A SYNTHESIS ESTIMATE.
      FOR ACCURATE TIMING INFORMATION PLEASE REFER TO THE TRACE REPORT
      GENERATED AFTER PLACE-and-ROUTE.

Clock Information:
------------------
No clock signals found in this design

Asynchronous Control Signals Information:
----------------------------------------
No asynchronous control signals found in this design

Timing Summary:
---------------
Speed Grade: -4

   Minimum period: No path found
   Minimum input arrival time before clock: No path found
   Maximum output required time after clock: No path found
   Maximum combinational path delay: 10.447ns

Timing Detail:
--------------
All values displayed in nanoseconds (ns)

=========================================================================
Timing constraint: Default path analysis
  Total number of paths / destination ports: 136 / 3
-------------------------------------------------------------------------
Delay:               10.447ns (Levels of Logic = 14)
  Source:            expo2<0> (PAD)
  Destination:       signo (PAD)

  Data Path: expo2<0> to signo
                                Gate     Net
    Cell:in->out      fanout   Delay   Delay  Logical Name (Net Name)
    ----------------------------------------  ------------
     IBUF:I->O             2   1.218   0.622  expo2_0_IBUF (expo2_0_IBUF)
     LUT2:I0->O            1   0.704   0.000  Mcompar_signo_cmp_gt0000_lut<0> (Mcompar_signo_cmp_gt0000_lut<0>)
     MUXCY:S->O            1   0.464   0.000  Mcompar_signo_cmp_gt0000_cy<0> (Mcompar_signo_cmp_gt0000_cy<0>)
     MUXCY:CI->O           1   0.059   0.000  Mcompar_signo_cmp_gt0000_cy<1> (Mcompar_signo_cmp_gt0000_cy<1>)
     MUXCY:CI->O           1   0.059   0.000  Mcompar_signo_cmp_gt0000_cy<2> (Mcompar_signo_cmp_gt0000_cy<2>)
     MUXCY:CI->O           1   0.059   0.000  Mcompar_signo_cmp_gt0000_cy<3> (Mcompar_signo_cmp_gt0000_cy<3>)
     MUXCY:CI->O           1   0.059   0.000  Mcompar_signo_cmp_gt0000_cy<4> (Mcompar_signo_cmp_gt0000_cy<4>)
     MUXCY:CI->O           1   0.059   0.000  Mcompar_signo_cmp_gt0000_cy<5> (Mcompar_signo_cmp_gt0000_cy<5>)
     MUXCY:CI->O           1   0.059   0.000  Mcompar_signo_cmp_gt0000_cy<6> (Mcompar_signo_cmp_gt0000_cy<6>)
     MUXCY:CI->O           3   0.459   0.610  Mcompar_signo_cmp_gt0000_cy<7> (Mcompar_signo_cmp_gt0000_cy<7>)
     LUT4:I1->O            1   0.704   0.000  signo491 (signo491)
     MUXF5:I1->O           1   0.321   0.595  signo49_f5 (signo49)
     LUT4:I0->O            1   0.704   0.420  signo86 (signo_OBUF)
     OBUF:I->O                 3.272          signo_OBUF (signo)
    ----------------------------------------
    Total                     10.447ns (8.200ns logic, 2.247ns route)
                                       (78.5% logic, 21.5% route)

=========================================================================


Total REAL time to Xst completion: 8.00 secs
Total CPU time to Xst completion: 7.76 secs
 
--> 

Total memory usage is 286044 kilobytes

Number of errors   :    0 (   0 filtered)
Number of warnings :    0 (   0 filtered)
Number of infos    :    0 (   0 filtered)

