Release 14.4 - xst P.49d (nt64)
Copyright (c) 1995-2012 Xilinx, Inc.  All rights reserved.
--> Parameter TMPDIR set to xst/projnav.tmp


Total REAL time to Xst completion: 0.00 secs
Total CPU time to Xst completion: 0.13 secs
 
--> Parameter xsthdpdir set to xst


Total REAL time to Xst completion: 0.00 secs
Total CPU time to Xst completion: 0.13 secs
 
--> Reading design: Shiftter.prj

TABLE OF CONTENTS
  1) Synthesis Options Summary
  2) HDL Compilation
  3) Design Hierarchy Analysis
  4) HDL Analysis
  5) HDL Synthesis
     5.1) HDL Synthesis Report
  6) Advanced HDL Synthesis
     6.1) Advanced HDL Synthesis Report
  7) Low Level Synthesis
  8) Partition Report
  9) Final Report
	9.1) Device utilization summary
	9.2) Partition Resource Summary
	9.3) TIMING REPORT


=========================================================================
*                      Synthesis Options Summary                        *
=========================================================================
---- Source Parameters
Input File Name                    : "Shiftter.prj"
Input Format                       : mixed
Ignore Synthesis Constraint File   : NO

---- Target Parameters
Output File Name                   : "Shiftter"
Output Format                      : NGC
Target Device                      : xc3s500e-4-fg320

---- Source Options
Top Module Name                    : Shiftter
Automatic FSM Extraction           : YES
FSM Encoding Algorithm             : Auto
Safe Implementation                : No
FSM Style                          : LUT
RAM Extraction                     : Yes
RAM Style                          : Auto
ROM Extraction                     : Yes
Mux Style                          : Auto
Decoder Extraction                 : YES
Priority Encoder Extraction        : Yes
Shift Register Extraction          : YES
Logical Shifter Extraction         : YES
XOR Collapsing                     : YES
ROM Style                          : Auto
Mux Extraction                     : Yes
Resource Sharing                   : YES
Asynchronous To Synchronous        : NO
Multiplier Style                   : Auto
Automatic Register Balancing       : No

---- Target Options
Add IO Buffers                     : YES
Global Maximum Fanout              : 100000
Add Generic Clock Buffer(BUFG)     : 24
Register Duplication               : YES
Slice Packing                      : YES
Optimize Instantiated Primitives   : NO
Use Clock Enable                   : Yes
Use Synchronous Set                : Yes
Use Synchronous Reset              : Yes
Pack IO Registers into IOBs        : Auto
Equivalent register Removal        : YES

---- General Options
Optimization Goal                  : Speed
Optimization Effort                : 1
Keep Hierarchy                     : No
Netlist Hierarchy                  : As_Optimized
RTL Output                         : Yes
Global Optimization                : AllClockNets
Read Cores                         : YES
Write Timing Constraints           : NO
Cross Clock Analysis               : NO
Hierarchy Separator                : /
Bus Delimiter                      : <>
Case Specifier                     : Maintain
Slice Utilization Ratio            : 100
BRAM Utilization Ratio             : 100
Verilog 2001                       : YES
Auto BRAM Packing                  : NO
Slice Utilization Ratio Delta      : 5

=========================================================================


=========================================================================
*                          HDL Compilation                              *
=========================================================================
Compiling vhdl file "C:/Users/ANDRES/Documents/UBA/Ibimestre/circuitoslogicosprogramables/ProyFinal/programa/Proyecto_ALU_v1/Shiftter.vhd" in Library work.
Architecture behavioral of Entity shiftter is up to date.

=========================================================================
*                     Design Hierarchy Analysis                         *
=========================================================================
Analyzing hierarchy for entity <Shiftter> in library <work> (architecture <behavioral>).


=========================================================================
*                            HDL Analysis                               *
=========================================================================
Analyzing Entity <Shiftter> in library <work> (Architecture <behavioral>).
WARNING:Xst:1610 - "C:/Users/ANDRES/Documents/UBA/Ibimestre/circuitoslogicosprogramables/ProyFinal/programa/Proyecto_ALU_v1/Shiftter.vhd" line 57: Width mismatch. <mantisa_despl> has a width of 23 bits but assigned expression is 24-bit wide.
Entity <Shiftter> analyzed. Unit <Shiftter> generated.


=========================================================================
*                           HDL Synthesis                               *
=========================================================================

Performing bidirectional port resolution...

Synthesizing Unit <Shiftter>.
    Related source file is "C:/Users/ANDRES/Documents/UBA/Ibimestre/circuitoslogicosprogramables/ProyFinal/programa/Proyecto_ALU_v1/Shiftter.vhd".
WARNING:Xst:1780 - Signal <m_des> is never used or assigned. This unconnected signal will be trimmed during the optimization process.
    Found 24-bit shifter logical right for signal <mantisa_despl$shift0001> created at line 57.
    Found 8-bit subtractor for signal <mantisa_despl$sub0000> created at line 57.
    Summary:
	inferred   1 Adder/Subtractor(s).
	inferred   1 Combinational logic shifter(s).
Unit <Shiftter> synthesized.


=========================================================================
HDL Synthesis Report

Macro Statistics
# Adders/Subtractors                                   : 1
 8-bit subtractor                                      : 1
# Logic shifters                                       : 1
 24-bit shifter logical right                          : 1

=========================================================================

=========================================================================
*                       Advanced HDL Synthesis                          *
=========================================================================


=========================================================================
Advanced HDL Synthesis Report

Macro Statistics
# Adders/Subtractors                                   : 1
 8-bit subtractor                                      : 1
# Logic shifters                                       : 1
 24-bit shifter logical right                          : 1

=========================================================================

=========================================================================
*                         Low Level Synthesis                           *
=========================================================================

Optimizing unit <Shiftter> ...

Mapping all equations...
Building and optimizing final netlist ...
Found area constraint ratio of 100 (+ 5) on block Shiftter, actual ratio is 2.

Final Macro Processing ...

=========================================================================
Final Register Report

Found no macro
=========================================================================

=========================================================================
*                           Partition Report                            *
=========================================================================

Partition Implementation Status
-------------------------------

  No Partitions were found in this design.

-------------------------------

=========================================================================
*                            Final Report                               *
=========================================================================
Final Results
RTL Top Level Output File Name     : Shiftter.ngr
Top Level Output File Name         : Shiftter
Output Format                      : NGC
Optimization Goal                  : Speed
Keep Hierarchy                     : No

Design Statistics
# IOs                              : 55

Cell Usage :
# BELS                             : 201
#      LUT2                        : 8
#      LUT3                        : 54
#      LUT4                        : 110
#      MUXF5                       : 29
# IO Buffers                       : 55
#      IBUF                        : 32
#      OBUF                        : 23
=========================================================================

Device utilization summary:
---------------------------

Selected Device : 3s500efg320-4 

 Number of Slices:                       95  out of   4656     2%  
 Number of 4 input LUTs:                172  out of   9312     1%  
 Number of IOs:                          55
 Number of bonded IOBs:                  55  out of    232    23%  

---------------------------
Partition Resource Summary:
---------------------------

  No Partitions were found in this design.

---------------------------


=========================================================================
TIMING REPORT

NOTE: THESE TIMING NUMBERS ARE ONLY A SYNTHESIS ESTIMATE.
      FOR ACCURATE TIMING INFORMATION PLEASE REFER TO THE TRACE REPORT
      GENERATED AFTER PLACE-and-ROUTE.

Clock Information:
------------------
No clock signals found in this design

Asynchronous Control Signals Information:
----------------------------------------
No asynchronous control signals found in this design

Timing Summary:
---------------
Speed Grade: -4

   Minimum period: No path found
   Minimum input arrival time before clock: No path found
   Maximum output required time after clock: No path found
   Maximum combinational path delay: 14.133ns

Timing Detail:
--------------
All values displayed in nanoseconds (ns)

=========================================================================
Timing constraint: Default path analysis
  Total number of paths / destination ports: 3139 / 23
-------------------------------------------------------------------------
Delay:               14.133ns (Levels of Logic = 8)
  Source:            num_despl<0> (PAD)
  Destination:       mantisa_despl<22> (PAD)

  Data Path: num_despl<0> to mantisa_despl<22>
                                Gate     Net
    Cell:in->out      fanout   Delay   Delay  Logical Name (Net Name)
    ----------------------------------------  ------------
     IBUF:I->O            48   1.218   1.346  num_despl_0_IBUF (Msub_mantisa_despl_sub0000_cy<0>)
     LUT3:I1->O           12   0.704   1.136  Msub_mantisa_despl_sub0000_cy<2>11 (Msub_mantisa_despl_sub0000_cy<2>)
     LUT3:I0->O            1   0.704   0.000  mantisa_despl_and000240_F (N141)
     MUXF5:I0->O          23   0.321   1.237  mantisa_despl_and000240 (mantisa_despl_and0002)
     LUT4:I2->O           19   0.704   1.164  mantisa_despl<0>351 (N4)
     LUT4:I1->O            1   0.704   0.499  mantisa_despl<22>_SW0 (N17)
     LUT4:I1->O            1   0.704   0.420  mantisa_despl<22> (mantisa_despl_22_OBUF)
     OBUF:I->O                 3.272          mantisa_despl_22_OBUF (mantisa_despl<22>)
    ----------------------------------------
    Total                     14.133ns (8.331ns logic, 5.802ns route)
                                       (58.9% logic, 41.1% route)

=========================================================================


Total REAL time to Xst completion: 10.00 secs
Total CPU time to Xst completion: 10.04 secs
 
--> 

Total memory usage is 302184 kilobytes

Number of errors   :    0 (   0 filtered)
Number of warnings :    2 (   0 filtered)
Number of infos    :    0 (   0 filtered)

