Release 14.4 - xst P.49d (nt64)
Copyright (c) 1995-2012 Xilinx, Inc.  All rights reserved.
--> Parameter TMPDIR set to xst/projnav.tmp


Total REAL time to Xst completion: 0.00 secs
Total CPU time to Xst completion: 0.13 secs
 
--> Parameter xsthdpdir set to xst


Total REAL time to Xst completion: 0.00 secs
Total CPU time to Xst completion: 0.13 secs
 
--> Reading design: Shifter.prj

TABLE OF CONTENTS
  1) Synthesis Options Summary
  2) HDL Compilation
  3) Design Hierarchy Analysis
  4) HDL Analysis
  5) HDL Synthesis
     5.1) HDL Synthesis Report
  6) Advanced HDL Synthesis
     6.1) Advanced HDL Synthesis Report
  7) Low Level Synthesis
  8) Partition Report
  9) Final Report
	9.1) Device utilization summary
	9.2) Partition Resource Summary
	9.3) TIMING REPORT


=========================================================================
*                      Synthesis Options Summary                        *
=========================================================================
---- Source Parameters
Input File Name                    : "Shifter.prj"
Input Format                       : mixed
Ignore Synthesis Constraint File   : NO

---- Target Parameters
Output File Name                   : "Shifter"
Output Format                      : NGC
Target Device                      : xc3s500e-4-fg320

---- Source Options
Top Module Name                    : Shifter
Automatic FSM Extraction           : YES
FSM Encoding Algorithm             : Auto
Safe Implementation                : No
FSM Style                          : LUT
RAM Extraction                     : Yes
RAM Style                          : Auto
ROM Extraction                     : Yes
Mux Style                          : Auto
Decoder Extraction                 : YES
Priority Encoder Extraction        : Yes
Shift Register Extraction          : YES
Logical Shifter Extraction         : YES
XOR Collapsing                     : YES
ROM Style                          : Auto
Mux Extraction                     : Yes
Resource Sharing                   : YES
Asynchronous To Synchronous        : NO
Multiplier Style                   : Auto
Automatic Register Balancing       : No

---- Target Options
Add IO Buffers                     : YES
Global Maximum Fanout              : 100000
Add Generic Clock Buffer(BUFG)     : 24
Register Duplication               : YES
Slice Packing                      : YES
Optimize Instantiated Primitives   : NO
Use Clock Enable                   : Yes
Use Synchronous Set                : Yes
Use Synchronous Reset              : Yes
Pack IO Registers into IOBs        : Auto
Equivalent register Removal        : YES

---- General Options
Optimization Goal                  : Speed
Optimization Effort                : 1
Keep Hierarchy                     : No
Netlist Hierarchy                  : As_Optimized
RTL Output                         : Yes
Global Optimization                : AllClockNets
Read Cores                         : YES
Write Timing Constraints           : NO
Cross Clock Analysis               : NO
Hierarchy Separator                : /
Bus Delimiter                      : <>
Case Specifier                     : Maintain
Slice Utilization Ratio            : 100
BRAM Utilization Ratio             : 100
Verilog 2001                       : YES
Auto BRAM Packing                  : NO
Slice Utilization Ratio Delta      : 5

=========================================================================


=========================================================================
*                          HDL Compilation                              *
=========================================================================
Compiling vhdl file "C:/Users/ANDRES/Documents/UBA/Ibimestre/circuitoslogicosprogramables/ProyFinal/programa/Proyecto_ALU_v1/Shifter.vhd" in Library work.
Entity <shifter> compiled.
Entity <shifter> (Architecture <behavioral>) compiled.

=========================================================================
*                     Design Hierarchy Analysis                         *
=========================================================================
Analyzing hierarchy for entity <Shifter> in library <work> (architecture <behavioral>).


=========================================================================
*                            HDL Analysis                               *
=========================================================================
Analyzing Entity <Shifter> in library <work> (Architecture <behavioral>).
INFO:Xst:2679 - Register <Mantisa_iguales> in unit <Shifter> has a constant value of 1 during circuit operation. The register is replaced by logic.
Entity <Shifter> analyzed. Unit <Shifter> generated.


=========================================================================
*                           HDL Synthesis                               *
=========================================================================

Performing bidirectional port resolution...

Synthesizing Unit <Shifter>.
    Related source file is "C:/Users/ANDRES/Documents/UBA/Ibimestre/circuitoslogicosprogramables/ProyFinal/programa/Proyecto_ALU_v1/Shifter.vhd".
WARNING:Xst:1306 - Output <Mantisa_sin_despl> is never assigned.
WARNING:Xst:737 - Found 23-bit latch for signal <Mantisa_despl>. Latches may be generated from incomplete case or if statements. We do not recommend the use of latches in FPGA/CPLD designs, as they may lead to timing problems.
    Found 23-bit shifter logical right for signal <Mantisa_despl$shift0002> created at line 57.
    Found 23-bit comparator less for signal <sig_M$cmp_lt0000> created at line 48.
    Found 23-bit comparator less for signal <sig_M$cmp_lt0001> created at line 48.
    Summary:
	inferred   2 Comparator(s).
	inferred   1 Combinational logic shifter(s).
Unit <Shifter> synthesized.


=========================================================================
HDL Synthesis Report

Macro Statistics
# Latches                                              : 1
 23-bit latch                                          : 1
# Comparators                                          : 2
 23-bit comparator less                                : 2
# Logic shifters                                       : 1
 23-bit shifter logical right                          : 1

=========================================================================

=========================================================================
*                       Advanced HDL Synthesis                          *
=========================================================================


=========================================================================
Advanced HDL Synthesis Report

Macro Statistics
# Latches                                              : 1
 23-bit latch                                          : 1
# Comparators                                          : 2
 23-bit comparator less                                : 2
# Logic shifters                                       : 1
 23-bit shifter logical right                          : 1

=========================================================================

=========================================================================
*                         Low Level Synthesis                           *
=========================================================================

Optimizing unit <Shifter> ...

Mapping all equations...
Building and optimizing final netlist ...
Found area constraint ratio of 100 (+ 5) on block Shifter, actual ratio is 2.

Final Macro Processing ...

=========================================================================
Final Register Report

Found no macro
=========================================================================

=========================================================================
*                           Partition Report                            *
=========================================================================

Partition Implementation Status
-------------------------------

  No Partitions were found in this design.

-------------------------------

=========================================================================
*                            Final Report                               *
=========================================================================
Final Results
RTL Top Level Output File Name     : Shifter.ngr
Top Level Output File Name         : Shifter
Output Format                      : NGC
Optimization Goal                  : Speed
Keep Hierarchy                     : No

Design Statistics
# IOs                              : 101

Cell Usage :
# BELS                             : 237
#      LUT2                        : 48
#      LUT3                        : 41
#      LUT4                        : 79
#      MUXCY                       : 46
#      MUXF5                       : 22
#      VCC                         : 1
# FlipFlops/Latches                : 23
#      LD                          : 23
# Clock Buffers                    : 1
#      BUFG                        : 1
# IO Buffers                       : 78
#      IBUF                        : 54
#      OBUF                        : 24
=========================================================================

Device utilization summary:
---------------------------

Selected Device : 3s500efg320-4 

 Number of Slices:                       92  out of   4656     1%  
 Number of 4 input LUTs:                168  out of   9312     1%  
 Number of IOs:                         101
 Number of bonded IOBs:                  78  out of    232    33%  
    IOB Flip Flops:                      23
 Number of GCLKs:                         1  out of     24     4%  

---------------------------
Partition Resource Summary:
---------------------------

  No Partitions were found in this design.

---------------------------


=========================================================================
TIMING REPORT

NOTE: THESE TIMING NUMBERS ARE ONLY A SYNTHESIS ESTIMATE.
      FOR ACCURATE TIMING INFORMATION PLEASE REFER TO THE TRACE REPORT
      GENERATED AFTER PLACE-and-ROUTE.

Clock Information:
------------------
--------------------------------------------------+-------------------------+-------+
Clock Signal                                      | Clock buffer(FF name)   | Load  |
--------------------------------------------------+-------------------------+-------+
Mantisa_despl_not00001(Mantisa_despl_not0000177:O)| BUFG(*)(Mantisa_despl_0)| 23    |
--------------------------------------------------+-------------------------+-------+
(*) This 1 clock signal(s) are generated by combinatorial logic,
and XST is not able to identify which are the primary clock signals.
Please use the CLOCK_SIGNAL constraint to specify the clock signal(s) generated by combinatorial logic.

Asynchronous Control Signals Information:
----------------------------------------
No asynchronous control signals found in this design

Timing Summary:
---------------
Speed Grade: -4

   Minimum period: No path found
   Minimum input arrival time before clock: 9.175ns
   Maximum output required time after clock: 4.368ns
   Maximum combinational path delay: No path found

Timing Detail:
--------------
All values displayed in nanoseconds (ns)

=========================================================================
Timing constraint: Default OFFSET IN BEFORE for Clock 'Mantisa_despl_not00001'
  Total number of paths / destination ports: 1042 / 23
-------------------------------------------------------------------------
Offset:              9.175ns (Levels of Logic = 8)
  Source:            desplaza<1> (PAD)
  Destination:       Mantisa_despl_6 (LATCH)
  Destination Clock: Mantisa_despl_not00001 falling

  Data Path: desplaza<1> to Mantisa_despl_6
                                Gate     Net
    Cell:in->out      fanout   Delay   Delay  Logical Name (Net Name)
    ----------------------------------------  ------------
     IBUF:I->O            28   1.218   1.436  desplaza_1_IBUF (desplaza_1_IBUF)
     LUT3:I0->O            2   0.704   0.526  Mantisa_despl_shift0001<10>131 (Mantisa_despl_shift0001<10>_bdd22)
     LUT3:I1->O            3   0.704   0.535  Mantisa_despl_shift0001<10>111 (Mantisa_despl_shift0001<10>_bdd18)
     LUT4:I3->O            1   0.704   0.000  Mantisa_despl_shift0001<10>9_SW01 (Mantisa_despl_shift0001<10>9_SW0)
     MUXF5:I1->O           1   0.321   0.424  Mantisa_despl_shift0001<10>9_SW0_f5 (N34)
     LUT4:I3->O            3   0.704   0.566  Mantisa_despl_shift0001<10>9 (Mantisa_despl_shift0001<10>_bdd1)
     LUT4:I2->O            1   0.704   0.000  Mantisa_despl_shift0001<6>12 (Mantisa_despl_shift0001<6>11)
     MUXF5:I0->O           1   0.321   0.000  Mantisa_despl_shift0001<6>1_f5 (Mantisa_despl_shift0001<6>)
     LD:D                      0.308          Mantisa_despl_6
    ----------------------------------------
    Total                      9.175ns (5.688ns logic, 3.487ns route)
                                       (62.0% logic, 38.0% route)

=========================================================================
Timing constraint: Default OFFSET OUT AFTER for Clock 'Mantisa_despl_not00001'
  Total number of paths / destination ports: 23 / 23
-------------------------------------------------------------------------
Offset:              4.368ns (Levels of Logic = 1)
  Source:            Mantisa_despl_22 (LATCH)
  Destination:       Mantisa_despl<22> (PAD)
  Source Clock:      Mantisa_despl_not00001 falling

  Data Path: Mantisa_despl_22 to Mantisa_despl<22>
                                Gate     Net
    Cell:in->out      fanout   Delay   Delay  Logical Name (Net Name)
    ----------------------------------------  ------------
     LD:G->Q               1   0.676   0.420  Mantisa_despl_22 (Mantisa_despl_22)
     OBUF:I->O                 3.272          Mantisa_despl_22_OBUF (Mantisa_despl<22>)
    ----------------------------------------
    Total                      4.368ns (3.948ns logic, 0.420ns route)
                                       (90.4% logic, 9.6% route)

=========================================================================


Total REAL time to Xst completion: 10.00 secs
Total CPU time to Xst completion: 10.51 secs
 
--> 

Total memory usage is 302212 kilobytes

Number of errors   :    0 (   0 filtered)
Number of warnings :    2 (   0 filtered)
Number of infos    :    1 (   0 filtered)

