Command line:
   Prueba_selec_suma_resta_isim_beh.exe
     -simmode  gui
     -simrunnum  0
     -socket  50319

Thu Dec 24 18:40:36 2015


 Elaboration Time: 0.0625 sec

 Current Memory Usage: 995.017 Meg

 Total Signals          : 10
 Total Nets             : 77
 Total Signal Drivers   : 5
 Total Blocks           : 3
 Total Primitive Blocks : 2
 Total Processes        : 4
 Total Traceable Variables  : 9
 Total Scalar Nets and Variables : 438
Total Line Count : 25

 Total Simulation Time: 0.171875 sec

 Current Memory Usage: 837.722 Meg

Thu Dec 24 18:41:18 2015

