Command line:
   Prueba_comp_exp_isim_beh.exe
     -simmode  gui
     -simrunnum  0
     -socket  59615

Sat Dec 26 18:19:01 2015


 Elaboration Time: 0.078125 sec

 Current Memory Usage: 994.697 Meg

 Total Signals          : 11
 Total Nets             : 41
 Total Signal Drivers   : 6
 Total Blocks           : 6
 Total Primitive Blocks : 5
 Total Processes        : 4
 Total Traceable Variables  : 16
 Total Scalar Nets and Variables : 543
Total Line Count : 31

 Total Simulation Time: 0.21875 sec

 Current Memory Usage: 837.403 Meg

Sat Dec 26 18:20:07 2015

