Command line:
   Prueba_restador_isim_beh.exe
     -simmode  gui
     -simrunnum  0
     -socket  52354

Wed Dec 30 22:19:39 2015


 Elaboration Time: 0.0625 sec

 Current Memory Usage: 992.6 Meg

 Total Signals          : 18
 Total Nets             : 171
 Total Signal Drivers   : 9
 Total Blocks           : 6
 Total Primitive Blocks : 5
 Total Processes        : 3
 Total Traceable Variables  : 16
 Total Scalar Nets and Variables : 673
Total Line Count : 26

 Total Simulation Time: 0.203125 sec

 Current Memory Usage: 520.716 Meg

Wed Dec 30 22:23:27 2015

